<gallery>
	<images>
		<data>
			[["demo-0001.png",19,60.00,34.00,17.00,-2.0],["demo-0002.png",10,77.00,16.00,8.00,-6.0],["demo-0003.png",10,55.00,8.00,16.00,-5.0],["xdemo-0004.png",20,147.00,36.00,72.00,-6.0],["demo-0004.png",20,147.00,36.00,72.00,-6.0]]
		</data>
	</images>
</gallery>
